<?xml version="1.0" encoding="UTF-8"?>

<mule xmlns:json="http://www.mulesoft.org/schema/mule/json" xmlns="http://www.mulesoft.org/schema/mule/core" xmlns:doc="http://www.mulesoft.org/schema/mule/documentation" xmlns:munit="http://www.mulesoft.org/schema/mule/munit" xmlns:spring="http://www.springframework.org/schema/beans" xmlns:core="http://www.mulesoft.org/schema/mule/core" xmlns:xsi="http://www.w3.org/2001/XMLSchema-instance" xsi:schemaLocation="http://www.mulesoft.org/schema/mule/munit http://www.mulesoft.org/schema/mule/munit/current/mule-munit.xsd
http://www.springframework.org/schema/beans http://www.springframework.org/schema/beans/spring-beans-current.xsd
http://www.mulesoft.org/schema/mule/core http://www.mulesoft.org/schema/mule/core/current/mule.xsd
http://www.mulesoft.org/schema/mule/json http://www.mulesoft.org/schema/mule/json/current/mule-json.xsd">
    <munit:config name="munit" doc:name="MUnit configuration"/>
    <spring:beans>
        <spring:import resource="classpath:test.xml"/>
    </spring:beans>
    <munit:test name="test-test-suite-testFlowTest" description="Test">
        <set-payload value="#['{&quot;id&quot;:&quot;1001&quot;,&quot;type&quot;:&quot;Regular&quot;}']" mimeType="application/json" doc:name="Set Payload"/>
        <flow-ref name="testFlow" doc:name="Flow-ref to testFlow"/>
        <munit:assert-on-equals expectedValue="#['1001']" actualValue="#[json:id]" doc:name="Assert Equals"/>
    </munit:test>
</mule>
